============================================================
PDF Invoice Extractor - Error Log
============================================================

2026-02-06 14:32:15
File: invoice_scan_001.pdf
Error: Scanned / Image PDF (no extractable text)
Note: This PDF appears to be a scanned image without text layer.

============================================================

2026-02-06 14:32:18
File: protected_invoice.pdf
Error: Protected / Encrypted PDF
Note: PDF requires password to open.

============================================================

2026-02-06 14:32:22
File: corrupted_file.pdf
Error: PDF read error: Invalid PDF structure
Traceback:
  File "parser.py", line 45, in extract_text_from_pdf
    with pdfplumber.open(filepath) as pdf:
  pdfplumber.exceptions.PDFSyntaxError: Invalid PDF structure

============================================================

2026-02-06 14:32:25
File: very_large_invoice.pdf
Error: Processing timeout (exceeded 30 seconds)
Note: File may be too large or complex to process.

============================================================
